<?xml version="1.0" encoding="UTF-8"?>
<!-- Generated by org.testng.reporters.JUnitXMLReporter -->
<testsuite ignored="1" hostname="ArunMotoori" failures="2" tests="13" name="Test" time="77.539" errors="0" timestamp="2024-11-03T12:39:21 IST">
  <testcase classname="tests.RegisterTest" name="verifyRegistingAccountUsingMandtoryFields" time="3.58"/>
  <testcase classname="tests.RegisterTest" name="verifyRegisteringAccountUsingAllFields" time="3.631"/>
  <testcase classname="tests.RegisterTest" name="verifyRegisterationBySayingYesToNewsletter" time="3.974"/>
  <testcase classname="tests.LoginTest" name="verifyLoginUsingValidCredentials" time="1.574"/>
  <testcase classname="tests.LoginTest" name="verifyLoginUsingValidCredentials" time="1.828"/>
  <testcase classname="tests.LoginTest" name="verifyLoginUsingValidCredentials" time="1.579"/>
  <testcase classname="tests.LoginTest" name="verifyLoginUsingInvalidCredentials" time="1.478"/>
  <testcase classname="tests.LoginTest" name="verifyLoginUsingInvalidEmailAndValidPassword" time="1.29"/>
  <testcase classname="tests.LoginTest" name="verifyLoginUsingValidEmailAndInvalidPassword" time="1.35">
    <failure type="java.lang.AssertionError" message="expected [true] but found [false]">
      <![CDATA[java.lang.AssertionError: expected [true] but found [false]
at tests.LoginTest.verifyLoginUsingValidEmailAndInvalidPassword(LoginTest.java:103)
at java.base/java.util.ArrayList.forEach(ArrayList.java:1596)
... Removed 33 stack frames]]>
    </failure>
  </testcase> <!-- verifyLoginUsingValidEmailAndInvalidPassword -->
  <testcase classname="tests.LoginTest" name="verifyLoginWithoutCredentials" time="0.647"/>
  <testcase classname="tests.SearchTest" name="verifySearchWithExistingProduct" time="0.891">
    <failure type="java.lang.AssertionError" message="expected [true] but found [false]">
      <![CDATA[java.lang.AssertionError: expected [true] but found [false]
at tests.SearchTest.verifySearchWithExistingProduct(SearchTest.java:39)
at java.base/java.util.ArrayList.forEach(ArrayList.java:1596)
... Removed 33 stack frames]]>
    </failure>
  </testcase> <!-- verifySearchWithExistingProduct -->
  <testcase classname="tests.SearchTest" name="verifySearchWithNonExistingProduct" time="0.0">
    <skipped/>
  </testcase> <!-- verifySearchWithNonExistingProduct -->
  <testcase classname="tests.SearchTest" name="verifySearchWithoutEnteringAnyProduct" time="0.002">
    <skipped/>
  </testcase> <!-- verifySearchWithoutEnteringAnyProduct -->
  <testcase classname="tests.RegisterTest" name="verifyRegisterationBySayingNoToNewsletter" time="0.0">
    <ignored/>
  </testcase> <!-- verifyRegisterationBySayingNoToNewsletter -->
</testsuite> <!-- Test -->
