<!DOCTYPE html PUBLIC "-//W3C//DTD XHTML 1.1//EN" "https://www.w3.org/TR/xhtml11/DTD/xhtml11.dtd">
<html xmlns="https://www.w3.org/1999/xhtml">
<head>
<meta http-equiv="content-type" content="text/html; charset=UTF-8"/>
<title>TestNG Report</title>
<style type="text/css">table {margin-bottom:10px;border-collapse:collapse;empty-cells:show}th,td {border:1px solid #009;padding:.25em .5em}th {vertical-align:bottom}td {vertical-align:top}table a {font-weight:bold}.stripe td {background-color: #E6EBF9}.num {text-align:right}.passedodd td {background-color: #3F3}.passedeven td {background-color: #0A0}.skippedodd td {background-color: #DDD}.skippedeven td {background-color: #CCC}.failedodd td,.attn {background-color: #F33}.failedeven td,.stripe .attn {background-color: #D00}.stacktrace {white-space:pre;font-family:monospace}.totop {font-size:85%;text-align:center;border-bottom:2px solid #000}.invisible {display:none}</style>
</head>
<body>
<table>
<tr><th>Test</th><th># Passed</th><th># Skipped</th><th># Retried</th><th># Failed</th><th>Time (ms)</th><th>Included Groups</th><th>Excluded Groups</th></tr>
<tr><th colspan="8">Suite</th></tr>
<tr><td><a href="#t0">Test</a></td><td class="num">9</td><td class="num attn">2</td><td class="num">0</td><td class="num attn">2</td><td class="num">77,539</td><td></td><td></td></tr>
</table>
<table id='summary'><thead><tr><th>Class</th><th>Method</th><th>Start</th><th>Time (ms)</th></tr></thead><tbody><tr><th colspan="4">Suite</th></tr></tbody><tbody id="t0"><tr><th colspan="4">Test &#8212; failed</th></tr><tr class="failedeven"><td rowspan="1">tests.LoginTest</td><td><a href="#m0">verifyLoginUsingValidEmailAndInvalidPassword</a></td><td rowspan="1">1730617744344</td><td rowspan="1">1350</td></tr><tr class="failedodd"><td rowspan="1">tests.SearchTest</td><td><a href="#m1">verifySearchWithExistingProduct</a></td><td rowspan="1">1730617755686</td><td rowspan="1">891</td></tr><tr><th colspan="4">Test &#8212; skipped</th></tr><tr class="skippedeven"><td rowspan="2">tests.SearchTest</td><td><a href="#m2">verifySearchWithNonExistingProduct</a></td><td rowspan="1">1730617757285</td><td rowspan="1">0</td></tr><tr class="skippedeven"><td><a href="#m3">verifySearchWithoutEnteringAnyProduct</a></td><td rowspan="1">1730617760497</td><td rowspan="1">2</td></tr><tr><th colspan="4">Test &#8212; passed</th></tr><tr class="passedeven"><td rowspan="6">tests.LoginTest</td><td><a href="#m4">verifyLoginUsingInvalidCredentials</a></td><td rowspan="1">1730617732452</td><td rowspan="1">1478</td></tr><tr class="passedeven"><td><a href="#m5">verifyLoginUsingInvalidEmailAndValidPassword</a></td><td rowspan="1">1730617738085</td><td rowspan="1">1290</td></tr><tr class="passedeven"><td><a href="#m6">verifyLoginUsingValidCredentials</a></td><td rowspan="3">1730617726356</td><td rowspan="3">1579</td></tr><tr class="passedeven"><td><a href="#m7">verifyLoginUsingValidCredentials</a></td></tr><tr class="passedeven"><td><a href="#m8">verifyLoginUsingValidCredentials</a></td></tr><tr class="passedeven"><td><a href="#m9">verifyLoginWithoutCredentials</a></td><td rowspan="1">1730617751712</td><td rowspan="1">647</td></tr><tr class="passedodd"><td rowspan="3">tests.RegisterTest</td><td><a href="#m10">verifyRegisterationBySayingYesToNewsletter</a></td><td rowspan="1">1730617704858</td><td rowspan="1">3974</td></tr><tr class="passedodd"><td><a href="#m11">verifyRegisteringAccountUsingAllFields</a></td><td rowspan="1">1730617696185</td><td rowspan="1">3631</td></tr><tr class="passedodd"><td><a href="#m12">verifyRegistingAccountUsingMandtoryFields</a></td><td rowspan="1">1730617688207</td><td rowspan="1">3580</td></tr></tbody>
</table>
<h2>Test</h2><h3 id="m0">tests.LoginTest#verifyLoginUsingValidEmailAndInvalidPassword</h3><table class="result"><tr><th>Exception</th></tr><tr><td><div class="stacktrace">java.lang.AssertionError: expected [true] but found [false]
	at tests.LoginTest.verifyLoginUsingValidEmailAndInvalidPassword(LoginTest.java:103)
	at java.base/java.util.ArrayList.forEach(ArrayList.java:1596)
... Removed 33 stack frames</div></td></tr></table><p class="totop"><a href="#summary">back to summary</a></p>
<h3 id="m1">tests.SearchTest#verifySearchWithExistingProduct</h3><table class="result"><tr><th>Exception</th></tr><tr><td><div class="stacktrace">java.lang.AssertionError: expected [true] but found [false]
	at tests.SearchTest.verifySearchWithExistingProduct(SearchTest.java:39)
	at java.base/java.util.ArrayList.forEach(ArrayList.java:1596)
... Removed 33 stack frames</div></td></tr></table><p class="totop"><a href="#summary">back to summary</a></p>
<h3 id="m2">tests.SearchTest#verifySearchWithNonExistingProduct</h3><table class="result"><tr><th>Exception</th></tr><tr><td><div class="stacktrace">java.lang.Throwable: Method tests.SearchTest.verifySearchWithNonExistingProduct() on instance tests.SearchTest@58cbafc2 depends on not successfully finished methods 
[tests.SearchTest.verifySearchWithExistingProduct() on instance tests.SearchTest@58cbafc2]
	at java.base/java.util.ArrayList.forEach(ArrayList.java:1596)
... Removed 22 stack frames</div></td></tr></table><p class="totop"><a href="#summary">back to summary</a></p>
<h3 id="m3">tests.SearchTest#verifySearchWithoutEnteringAnyProduct</h3><table class="result"><tr><th>Exception</th></tr><tr><td><div class="stacktrace">org.testng.SkipException: Test got skipped as the value of i got 5
	at tests.SearchTest.verifySearchWithoutEnteringAnyProduct(SearchTest.java:60)
	at java.base/java.util.ArrayList.forEach(ArrayList.java:1596)
... Removed 29 stack frames</div></td></tr></table><p class="totop"><a href="#summary">back to summary</a></p>
<h3 id="m4">tests.LoginTest#verifyLoginUsingInvalidCredentials</h3><table class="result"><tr><th class="invisible"/></tr></table><p class="totop"><a href="#summary">back to summary</a></p>
<h3 id="m5">tests.LoginTest#verifyLoginUsingInvalidEmailAndValidPassword</h3><table class="result"><tr><th class="invisible"/></tr></table><p class="totop"><a href="#summary">back to summary</a></p>
<h3 id="m6">tests.LoginTest#verifyLoginUsingValidCredentials</h3><table class="result"><tr class="param"><th>Parameter #1</th></tr><tr class="param stripe"><td>{Username=amotooribatch111@gmail.com, Password=klmno}</td></tr></table><p class="totop"><a href="#summary">back to summary</a></p>
<h3 id="m7">tests.LoginTest#verifyLoginUsingValidCredentials</h3><table class="result"><tr class="param"><th>Parameter #1</th></tr><tr class="param stripe"><td>{Username=amotooribatch1@gmail.com, Password=abcde}</td></tr></table><p class="totop"><a href="#summary">back to summary</a></p>
<h3 id="m8">tests.LoginTest#verifyLoginUsingValidCredentials</h3><table class="result"><tr class="param"><th>Parameter #1</th></tr><tr class="param stripe"><td>{Username=amotooribatch11@gmail.com, Password=fghij}</td></tr></table><p class="totop"><a href="#summary">back to summary</a></p>
<h3 id="m9">tests.LoginTest#verifyLoginWithoutCredentials</h3><table class="result"><tr><th class="invisible"/></tr></table><p class="totop"><a href="#summary">back to summary</a></p>
<h3 id="m10">tests.RegisterTest#verifyRegisterationBySayingYesToNewsletter</h3><table class="result"><tr><th class="invisible"/></tr></table><p class="totop"><a href="#summary">back to summary</a></p>
<h3 id="m11">tests.RegisterTest#verifyRegisteringAccountUsingAllFields</h3><table class="result"><tr><th class="invisible"/></tr></table><p class="totop"><a href="#summary">back to summary</a></p>
<h3 id="m12">tests.RegisterTest#verifyRegistingAccountUsingMandtoryFields</h3><table class="result"><tr><th class="invisible"/></tr></table><p class="totop"><a href="#summary">back to summary</a></p>
</body>
</html>
