<?xml version="1.0" encoding="UTF-8"?>
<testng-results ignored="0" total="13" passed="10" failed="1" skipped="2">
  <reporter-output>
  </reporter-output>
  <suite started-at="2024-11-02T15:29:15 IST" name="Suite" finished-at="2024-11-02T15:30:11 IST" duration-ms="56808">
    <groups>
    </groups>
    <test started-at="2024-11-02T15:29:15 IST" name="Test" finished-at="2024-11-02T15:30:11 IST" duration-ms="56808">
      <class name="tests.Login">
        <test-method is-config="true" signature="setup()[pri:0, instance:tests.Login@6e9a5ed8]" started-at="2024-11-02T15:29:32 IST" name="setup" finished-at="2024-11-02T15:29:35 IST" duration-ms="2965" status="PASS">
          <reporter-output>
          </reporter-output>
        </test-method> <!-- setup -->
        <test-method signature="verifyLoginUsingValidCredentials(java.util.HashMap)[pri:1, instance:tests.Login@6e9a5ed8]" started-at="2024-11-02T15:29:35 IST" name="verifyLoginUsingValidCredentials" data-provider="dataSupplier1" finished-at="2024-11-02T15:29:36 IST" duration-ms="1054" status="PASS">
          <params>
            <param index="0">
              <value>
                <![CDATA[{Username=amotooribatch1@gmail.com, Password=abcde}]]>
              </value>
            </param>
          </params>
          <reporter-output>
          </reporter-output>
        </test-method> <!-- verifyLoginUsingValidCredentials -->
        <test-method is-config="true" signature="teardown()[pri:0, instance:tests.Login@6e9a5ed8]" started-at="2024-11-02T15:29:36 IST" name="teardown" finished-at="2024-11-02T15:29:37 IST" duration-ms="150" status="PASS">
          <reporter-output>
          </reporter-output>
        </test-method> <!-- teardown -->
        <test-method is-config="true" signature="setup()[pri:0, instance:tests.Login@6e9a5ed8]" started-at="2024-11-02T15:29:37 IST" name="setup" finished-at="2024-11-02T15:29:40 IST" duration-ms="2893" status="PASS">
          <reporter-output>
          </reporter-output>
        </test-method> <!-- setup -->
        <test-method signature="verifyLoginUsingValidCredentials(java.util.HashMap)[pri:1, instance:tests.Login@6e9a5ed8]" started-at="2024-11-02T15:29:40 IST" name="verifyLoginUsingValidCredentials" data-provider="dataSupplier1" finished-at="2024-11-02T15:29:41 IST" duration-ms="1051" status="PASS">
          <params>
            <param index="0">
              <value>
                <![CDATA[{Username=amotooribatch11@gmail.com, Password=fghij}]]>
              </value>
            </param>
          </params>
          <reporter-output>
          </reporter-output>
        </test-method> <!-- verifyLoginUsingValidCredentials -->
        <test-method is-config="true" signature="teardown()[pri:0, instance:tests.Login@6e9a5ed8]" started-at="2024-11-02T15:29:41 IST" name="teardown" finished-at="2024-11-02T15:29:41 IST" duration-ms="128" status="PASS">
          <reporter-output>
          </reporter-output>
        </test-method> <!-- teardown -->
        <test-method is-config="true" signature="setup()[pri:0, instance:tests.Login@6e9a5ed8]" started-at="2024-11-02T15:29:41 IST" name="setup" finished-at="2024-11-02T15:29:44 IST" duration-ms="3685" status="PASS">
          <reporter-output>
          </reporter-output>
        </test-method> <!-- setup -->
        <test-method signature="verifyLoginUsingValidCredentials(java.util.HashMap)[pri:1, instance:tests.Login@6e9a5ed8]" started-at="2024-11-02T15:29:44 IST" name="verifyLoginUsingValidCredentials" data-provider="dataSupplier1" finished-at="2024-11-02T15:29:46 IST" duration-ms="1141" status="PASS">
          <params>
            <param index="0">
              <value>
                <![CDATA[{Username=amotooribatch111@gmail.com, Password=klmno}]]>
              </value>
            </param>
          </params>
          <reporter-output>
          </reporter-output>
        </test-method> <!-- verifyLoginUsingValidCredentials -->
        <test-method is-config="true" signature="teardown()[pri:0, instance:tests.Login@6e9a5ed8]" started-at="2024-11-02T15:29:46 IST" name="teardown" finished-at="2024-11-02T15:29:46 IST" duration-ms="172" status="PASS">
          <reporter-output>
          </reporter-output>
        </test-method> <!-- teardown -->
        <test-method is-config="true" signature="setup()[pri:0, instance:tests.Login@6e9a5ed8]" started-at="2024-11-02T15:29:46 IST" name="setup" finished-at="2024-11-02T15:29:49 IST" duration-ms="3052" status="PASS">
          <reporter-output>
          </reporter-output>
        </test-method> <!-- setup -->
        <test-method signature="verifyLoginUsingInvalidCredentials()[pri:2, instance:tests.Login@6e9a5ed8]" started-at="2024-11-02T15:29:49 IST" name="verifyLoginUsingInvalidCredentials" finished-at="2024-11-02T15:29:50 IST" duration-ms="823" status="PASS">
          <reporter-output>
          </reporter-output>
        </test-method> <!-- verifyLoginUsingInvalidCredentials -->
        <test-method is-config="true" signature="teardown()[pri:0, instance:tests.Login@6e9a5ed8]" started-at="2024-11-02T15:29:50 IST" name="teardown" finished-at="2024-11-02T15:29:50 IST" duration-ms="173" status="PASS">
          <reporter-output>
          </reporter-output>
        </test-method> <!-- teardown -->
        <test-method is-config="true" signature="setup()[pri:0, instance:tests.Login@6e9a5ed8]" started-at="2024-11-02T15:29:50 IST" name="setup" finished-at="2024-11-02T15:29:53 IST" duration-ms="3001" status="PASS">
          <reporter-output>
          </reporter-output>
        </test-method> <!-- setup -->
        <test-method signature="verifyLoginUsingInvalidEmailAndValidPassword()[pri:3, instance:tests.Login@6e9a5ed8]" started-at="2024-11-02T15:29:53 IST" name="verifyLoginUsingInvalidEmailAndValidPassword" finished-at="2024-11-02T15:29:54 IST" duration-ms="988" status="PASS">
          <reporter-output>
          </reporter-output>
        </test-method> <!-- verifyLoginUsingInvalidEmailAndValidPassword -->
        <test-method is-config="true" signature="teardown()[pri:0, instance:tests.Login@6e9a5ed8]" started-at="2024-11-02T15:29:54 IST" name="teardown" finished-at="2024-11-02T15:29:54 IST" duration-ms="162" status="PASS">
          <reporter-output>
          </reporter-output>
        </test-method> <!-- teardown -->
        <test-method is-config="true" signature="setup()[pri:0, instance:tests.Login@6e9a5ed8]" started-at="2024-11-02T15:29:54 IST" name="setup" finished-at="2024-11-02T15:29:57 IST" duration-ms="3092" status="PASS">
          <reporter-output>
          </reporter-output>
        </test-method> <!-- setup -->
        <test-method signature="verifyLoginUsingValidEmailAndInvalidPassword()[pri:4, instance:tests.Login@6e9a5ed8]" started-at="2024-11-02T15:29:57 IST" name="verifyLoginUsingValidEmailAndInvalidPassword" finished-at="2024-11-02T15:29:58 IST" duration-ms="825" status="PASS">
          <reporter-output>
          </reporter-output>
        </test-method> <!-- verifyLoginUsingValidEmailAndInvalidPassword -->
        <test-method is-config="true" signature="teardown()[pri:0, instance:tests.Login@6e9a5ed8]" started-at="2024-11-02T15:29:58 IST" name="teardown" finished-at="2024-11-02T15:29:58 IST" duration-ms="171" status="PASS">
          <reporter-output>
          </reporter-output>
        </test-method> <!-- teardown -->
        <test-method is-config="true" signature="setup()[pri:0, instance:tests.Login@6e9a5ed8]" started-at="2024-11-02T15:29:58 IST" name="setup" finished-at="2024-11-02T15:30:02 IST" duration-ms="3893" status="PASS">
          <reporter-output>
          </reporter-output>
        </test-method> <!-- setup -->
        <test-method signature="verifyLoginWithoutCredentials()[pri:5, instance:tests.Login@6e9a5ed8]" started-at="2024-11-02T15:30:02 IST" name="verifyLoginWithoutCredentials" finished-at="2024-11-02T15:30:04 IST" duration-ms="1764" status="PASS">
          <reporter-output>
          </reporter-output>
        </test-method> <!-- verifyLoginWithoutCredentials -->
        <test-method is-config="true" signature="teardown()[pri:0, instance:tests.Login@6e9a5ed8]" started-at="2024-11-02T15:30:04 IST" name="teardown" finished-at="2024-11-02T15:30:04 IST" duration-ms="135" status="PASS">
          <reporter-output>
          </reporter-output>
        </test-method> <!-- teardown -->
      </class> <!-- tests.Login -->
      <class name="tests.Search">
        <test-method is-config="true" signature="setup()[pri:0, instance:tests.Search@5890e879]" started-at="2024-11-02T15:30:04 IST" name="setup" finished-at="2024-11-02T15:30:06 IST" duration-ms="2620" status="PASS">
          <reporter-output>
          </reporter-output>
        </test-method> <!-- setup -->
        <test-method signature="verifySearchWithExistingProduct()[pri:1, instance:tests.Search@5890e879]" started-at="2024-11-02T15:30:06 IST" name="verifySearchWithExistingProduct" finished-at="2024-11-02T15:30:07 IST" duration-ms="664" status="FAIL">
          <exception class="java.lang.AssertionError">
            <message>
              <![CDATA[expected [true] but found [false]]]>
            </message>
            <full-stacktrace>
              <![CDATA[java.lang.AssertionError: expected [true] but found [false]
at org.testng.Assert.fail(Assert.java:111)
at org.testng.Assert.failNotEquals(Assert.java:1578)
at org.testng.Assert.assertTrue(Assert.java:57)
at org.testng.Assert.assertTrue(Assert.java:67)
at tests.Search.verifySearchWithExistingProduct(Search.java:39)
at java.base/jdk.internal.reflect.DirectMethodHandleAccessor.invoke(DirectMethodHandleAccessor.java:103)
at java.base/java.lang.reflect.Method.invoke(Method.java:580)
at org.testng.internal.invokers.MethodInvocationHelper.invokeMethod(MethodInvocationHelper.java:141)
at org.testng.internal.invokers.TestInvoker.invokeMethod(TestInvoker.java:686)
at org.testng.internal.invokers.TestInvoker.invokeTestMethod(TestInvoker.java:230)
at org.testng.internal.invokers.MethodRunner.runInSequence(MethodRunner.java:63)
at org.testng.internal.invokers.TestInvoker$MethodInvocationAgent.invoke(TestInvoker.java:992)
at org.testng.internal.invokers.TestInvoker.invokeTestMethods(TestInvoker.java:203)
at org.testng.internal.invokers.TestMethodWorker.invokeTestMethods(TestMethodWorker.java:154)
at org.testng.internal.invokers.TestMethodWorker.run(TestMethodWorker.java:134)
at java.base/java.util.ArrayList.forEach(ArrayList.java:1596)
at org.testng.TestRunner.privateRun(TestRunner.java:739)
at org.testng.TestRunner.run(TestRunner.java:614)
at org.testng.SuiteRunner.runTest(SuiteRunner.java:421)
at org.testng.SuiteRunner.runSequentially(SuiteRunner.java:413)
at org.testng.SuiteRunner.privateRun(SuiteRunner.java:373)
at org.testng.SuiteRunner.run(SuiteRunner.java:312)
at org.testng.SuiteRunnerWorker.runSuite(SuiteRunnerWorker.java:52)
at org.testng.SuiteRunnerWorker.run(SuiteRunnerWorker.java:95)
at org.testng.TestNG.runSuitesSequentially(TestNG.java:1274)
at org.testng.TestNG.runSuitesLocally(TestNG.java:1208)
at org.testng.TestNG.runSuites(TestNG.java:1112)
at org.testng.TestNG.run(TestNG.java:1079)
at org.testng.remote.AbstractRemoteTestNG.run(AbstractRemoteTestNG.java:115)
at org.testng.remote.RemoteTestNG.initAndRun(RemoteTestNG.java:293)
at org.testng.remote.RemoteTestNG.main(RemoteTestNG.java:91)
]]>
            </full-stacktrace>
          </exception> <!-- java.lang.AssertionError -->
          <reporter-output>
          </reporter-output>
        </test-method> <!-- verifySearchWithExistingProduct -->
        <test-method is-config="true" signature="teardown()[pri:0, instance:tests.Search@5890e879]" started-at="2024-11-02T15:30:07 IST" name="teardown" finished-at="2024-11-02T15:30:07 IST" duration-ms="140" status="PASS">
          <reporter-output>
          </reporter-output>
        </test-method> <!-- teardown -->
        <test-method signature="verifySearchWithNonExistingProduct()[pri:2, instance:tests.Search@5890e879]" started-at="2024-11-02T15:30:07 IST" name="verifySearchWithNonExistingProduct" finished-at="2024-11-02T15:30:07 IST" depends-on-methods="tests.Search.verifySearchWithExistingProduct" duration-ms="0" status="SKIP">
          <exception class="java.lang.Throwable">
            <message>
              <![CDATA[Method tests.Search.verifySearchWithNonExistingProduct() on instance tests.Search@5890e879 depends on not successfully finished methods 
[tests.Search.verifySearchWithExistingProduct() on instance tests.Search@5890e879]]]>
            </message>
            <full-stacktrace>
              <![CDATA[java.lang.Throwable: Method tests.Search.verifySearchWithNonExistingProduct() on instance tests.Search@5890e879 depends on not successfully finished methods 
[tests.Search.verifySearchWithExistingProduct() on instance tests.Search@5890e879]
at org.testng.internal.invokers.TestInvoker.invokeTestMethods(TestInvoker.java:159)
at org.testng.internal.invokers.TestMethodWorker.invokeTestMethods(TestMethodWorker.java:154)
at org.testng.internal.invokers.TestMethodWorker.run(TestMethodWorker.java:134)
at java.base/java.util.ArrayList.forEach(ArrayList.java:1596)
at org.testng.TestRunner.privateRun(TestRunner.java:739)
at org.testng.TestRunner.run(TestRunner.java:614)
at org.testng.SuiteRunner.runTest(SuiteRunner.java:421)
at org.testng.SuiteRunner.runSequentially(SuiteRunner.java:413)
at org.testng.SuiteRunner.privateRun(SuiteRunner.java:373)
at org.testng.SuiteRunner.run(SuiteRunner.java:312)
at org.testng.SuiteRunnerWorker.runSuite(SuiteRunnerWorker.java:52)
at org.testng.SuiteRunnerWorker.run(SuiteRunnerWorker.java:95)
at org.testng.TestNG.runSuitesSequentially(TestNG.java:1274)
at org.testng.TestNG.runSuitesLocally(TestNG.java:1208)
at org.testng.TestNG.runSuites(TestNG.java:1112)
at org.testng.TestNG.run(TestNG.java:1079)
at org.testng.remote.AbstractRemoteTestNG.run(AbstractRemoteTestNG.java:115)
at org.testng.remote.RemoteTestNG.initAndRun(RemoteTestNG.java:293)
at org.testng.remote.RemoteTestNG.main(RemoteTestNG.java:91)
]]>
            </full-stacktrace>
          </exception> <!-- java.lang.Throwable -->
          <reporter-output>
          </reporter-output>
        </test-method> <!-- verifySearchWithNonExistingProduct -->
        <test-method is-config="true" signature="setup()[pri:0, instance:tests.Search@5890e879]" started-at="2024-11-02T15:30:07 IST" name="setup" finished-at="2024-11-02T15:30:11 IST" duration-ms="3880" status="PASS">
          <reporter-output>
          </reporter-output>
        </test-method> <!-- setup -->
        <test-method signature="verifySearchWithoutEnteringAnyProduct()[pri:3, instance:tests.Search@5890e879]" started-at="2024-11-02T15:30:11 IST" name="verifySearchWithoutEnteringAnyProduct" finished-at="2024-11-02T15:30:11 IST" duration-ms="2" status="SKIP">
          <exception class="org.testng.SkipException">
            <message>
              <![CDATA[Test got skipped as the value of i got 5]]>
            </message>
            <full-stacktrace>
              <![CDATA[org.testng.SkipException: Test got skipped as the value of i got 5
at tests.Search.verifySearchWithoutEnteringAnyProduct(Search.java:60)
at java.base/jdk.internal.reflect.DirectMethodHandleAccessor.invoke(DirectMethodHandleAccessor.java:103)
at java.base/java.lang.reflect.Method.invoke(Method.java:580)
at org.testng.internal.invokers.MethodInvocationHelper.invokeMethod(MethodInvocationHelper.java:141)
at org.testng.internal.invokers.TestInvoker.invokeMethod(TestInvoker.java:686)
at org.testng.internal.invokers.TestInvoker.invokeTestMethod(TestInvoker.java:230)
at org.testng.internal.invokers.MethodRunner.runInSequence(MethodRunner.java:63)
at org.testng.internal.invokers.TestInvoker$MethodInvocationAgent.invoke(TestInvoker.java:992)
at org.testng.internal.invokers.TestInvoker.invokeTestMethods(TestInvoker.java:203)
at org.testng.internal.invokers.TestMethodWorker.invokeTestMethods(TestMethodWorker.java:154)
at org.testng.internal.invokers.TestMethodWorker.run(TestMethodWorker.java:134)
at java.base/java.util.ArrayList.forEach(ArrayList.java:1596)
at org.testng.TestRunner.privateRun(TestRunner.java:739)
at org.testng.TestRunner.run(TestRunner.java:614)
at org.testng.SuiteRunner.runTest(SuiteRunner.java:421)
at org.testng.SuiteRunner.runSequentially(SuiteRunner.java:413)
at org.testng.SuiteRunner.privateRun(SuiteRunner.java:373)
at org.testng.SuiteRunner.run(SuiteRunner.java:312)
at org.testng.SuiteRunnerWorker.runSuite(SuiteRunnerWorker.java:52)
at org.testng.SuiteRunnerWorker.run(SuiteRunnerWorker.java:95)
at org.testng.TestNG.runSuitesSequentially(TestNG.java:1274)
at org.testng.TestNG.runSuitesLocally(TestNG.java:1208)
at org.testng.TestNG.runSuites(TestNG.java:1112)
at org.testng.TestNG.run(TestNG.java:1079)
at org.testng.remote.AbstractRemoteTestNG.run(AbstractRemoteTestNG.java:115)
at org.testng.remote.RemoteTestNG.initAndRun(RemoteTestNG.java:293)
at org.testng.remote.RemoteTestNG.main(RemoteTestNG.java:91)
]]>
            </full-stacktrace>
          </exception> <!-- org.testng.SkipException -->
          <reporter-output>
          </reporter-output>
        </test-method> <!-- verifySearchWithoutEnteringAnyProduct -->
        <test-method is-config="true" signature="teardown()[pri:0, instance:tests.Search@5890e879]" started-at="2024-11-02T15:30:11 IST" name="teardown" finished-at="2024-11-02T15:30:11 IST" duration-ms="154" status="PASS">
          <reporter-output>
          </reporter-output>
        </test-method> <!-- teardown -->
      </class> <!-- tests.Search -->
      <class name="tests.Register">
        <test-method is-config="true" signature="setup()[pri:0, instance:tests.Register@7ef82753]" started-at="2024-11-02T15:29:15 IST" name="setup" finished-at="2024-11-02T15:29:19 IST" duration-ms="4094" status="PASS">
          <reporter-output>
          </reporter-output>
        </test-method> <!-- setup -->
        <test-method signature="verifyRegistingAccountUsingMandtoryFields()[pri:1, instance:tests.Register@7ef82753]" started-at="2024-11-02T15:29:19 IST" name="verifyRegistingAccountUsingMandtoryFields" finished-at="2024-11-02T15:29:21 IST" duration-ms="2082" status="PASS">
          <reporter-output>
          </reporter-output>
        </test-method> <!-- verifyRegistingAccountUsingMandtoryFields -->
        <test-method is-config="true" signature="teardown()[pri:0, instance:tests.Register@7ef82753]" started-at="2024-11-02T15:29:21 IST" name="teardown" finished-at="2024-11-02T15:29:21 IST" duration-ms="153" status="PASS">
          <reporter-output>
          </reporter-output>
        </test-method> <!-- teardown -->
        <test-method is-config="true" signature="setup()[pri:0, instance:tests.Register@7ef82753]" started-at="2024-11-02T15:29:21 IST" name="setup" finished-at="2024-11-02T15:29:24 IST" duration-ms="3205" status="PASS">
          <reporter-output>
          </reporter-output>
        </test-method> <!-- setup -->
        <test-method signature="verifyRegisteringAccountUsingAllFields()[pri:2, instance:tests.Register@7ef82753]" started-at="2024-11-02T15:29:24 IST" name="verifyRegisteringAccountUsingAllFields" finished-at="2024-11-02T15:29:26 IST" duration-ms="1886" status="PASS">
          <reporter-output>
          </reporter-output>
        </test-method> <!-- verifyRegisteringAccountUsingAllFields -->
        <test-method is-config="true" signature="teardown()[pri:0, instance:tests.Register@7ef82753]" started-at="2024-11-02T15:29:26 IST" name="teardown" finished-at="2024-11-02T15:29:26 IST" duration-ms="176" status="PASS">
          <reporter-output>
          </reporter-output>
        </test-method> <!-- teardown -->
        <test-method is-config="true" signature="setup()[pri:0, instance:tests.Register@7ef82753]" started-at="2024-11-02T15:29:26 IST" name="setup" finished-at="2024-11-02T15:29:30 IST" duration-ms="3156" status="PASS">
          <reporter-output>
          </reporter-output>
        </test-method> <!-- setup -->
        <test-method signature="verifyRegisterationBySayingYesToNewsletter()[pri:3, instance:tests.Register@7ef82753]" started-at="2024-11-02T15:29:30 IST" name="verifyRegisterationBySayingYesToNewsletter" finished-at="2024-11-02T15:29:32 IST" duration-ms="2227" status="PASS">
          <reporter-output>
          </reporter-output>
        </test-method> <!-- verifyRegisterationBySayingYesToNewsletter -->
        <test-method is-config="true" signature="teardown()[pri:0, instance:tests.Register@7ef82753]" started-at="2024-11-02T15:29:32 IST" name="teardown" finished-at="2024-11-02T15:29:32 IST" duration-ms="161" status="PASS">
          <reporter-output>
          </reporter-output>
        </test-method> <!-- teardown -->
      </class> <!-- tests.Register -->
    </test> <!-- Test -->
  </suite> <!-- Suite -->
</testng-results>
